19:20:09 INFO  [Main] [Geode]: Running Geode v2.0.0-beta.21 in Geometry Dash v2.204
19:20:09 INFO  [Main] [Geode]: Setting up internal mod
19:20:09 INFO  [Main] [Geode]: Setting up loader
19:20:09 DEBUG [Main] [Geode]:   Loading launch arguments
19:20:09 DEBUG [Main] [Geode]:   Setting up crash handler
19:20:09 DEBUG [Main] [Geode]:   Loading hooks
19:20:09 DEBUG [Main] [Geode]:     Enabled cocos2d::CCFileUtils::fullPathForFilename hook at 0x7aa90f40 for geode.loader
19:20:09 DEBUG [Main] [Geode]:     Enabled cocos2d::CCFileUtils::sharedFileUtils hook at 0x7aa99770 for geode.loader
19:20:09 DEBUG [Main] [Geode]:     Enabled cocos2d::CCNode::getUserObject hook at 0x7aae31f0 for geode.loader
19:20:09 DEBUG [Main] [Geode]:     Enabled cocos2d::CCNode::setUserObject hook at 0x7aa315a0 for geode.loader
19:20:09 DEBUG [Main] [Geode]:     Enabled LoadingLayer::init hook at 0x696370 for geode.loader
19:20:09 DEBUG [Main] [Geode]:     Enabled LoadingLayer::loadAssets hook at 0x696bd0 for geode.loader
19:20:09 DEBUG [Main] [Geode]:     Enabled MenuLayer::init hook at 0x69b450 for geode.loader
19:20:09 DEBUG [Main] [Geode]:     Enabled ProfilePage::getUserInfoFinished hook at 0x711db0 for geode.loader
19:20:09 DEBUG [Main] [Geode]:     Enabled AchievementNotifier::willSwitchToScene hook at 0x43c200 for geode.loader
19:20:09 DEBUG [Main] [Geode]:     Enabled AppDelegate::trySaveGame hook at 0x47b790 for geode.loader
19:20:09 DEBUG [Main] [Geode]:     Enabled cocos2d::CCScheduler::update hook at 0x7aad6db0 for geode.loader
19:20:09 DEBUG [Main] [Geode]:     Enabled CCTextInputNode::ccTouchBegan hook at 0x4504f0 for geode.loader
19:20:09 DEBUG [Main] [Geode]:     Enabled LoadingLayer::loadAssets hook at 0x696bd0 for geode.loader
19:20:09 DEBUG [Main] [Geode]:   Setting up directories
19:20:09 INFO  [Main] [Geode]:   Refreshing mod graph
19:20:09 DEBUG [Main] [Geode]:     Queueing mods
19:20:09 DEBUG [Main] [Geode]:       Searching C:\Program Files (x86)\Steam\steamapps\common\Geometry Dash\geode\mods
19:20:09 DEBUG [Main] [Geode]:         Found dtothefourth.crowdcontrol.geode
19:20:09 DEBUG [Main] [Geode]:           id: dtothefourth.crowdcontrol
19:20:09 DEBUG [Main] [Geode]:           version: v1.0.0
19:20:09 DEBUG [Main] [Geode]:           early: no
19:20:09 DEBUG [Main] [Geode]:         Found geode.devtools.geode
19:20:09 DEBUG [Main] [Geode]:           id: geode.devtools
19:20:09 DEBUG [Main] [Geode]:           version: v1.5.0
19:20:09 DEBUG [Main] [Geode]:           early: no
19:20:09 DEBUG [Main] [Geode]:     Populating mod list
19:20:09 DEBUG [Main] [Geode]:       dtothefourth.crowdcontrol v1.0.0
19:20:09 DEBUG [Main] [Geode]:       geode.devtools v1.5.0
19:20:09 DEBUG [Main] [Geode]:     Building mod graph
19:20:09 DEBUG [Main] [Geode]:       geode.loader
19:20:09 DEBUG [Main] [Geode]:       geode.devtools
19:20:09 DEBUG [Main] [Geode]:         geode.loader
19:20:09 DEBUG [Main] [Geode]:       dtothefourth.crowdcontrol
19:20:09 DEBUG [Main] [Geode]:         geode.loader
19:20:09 DEBUG [Main] [Geode]:     Loading early mods
19:20:09 INFO  [Main] [Geode]:     Took 0.035s. Continuing next frame...
19:20:09 DEBUG [Main] [Geode]: Setting up IPC
19:20:09 DEBUG [Main] [Geode]:   IPC set up
19:20:09 INFO  [Main] [Geode]: Starting loader update check
19:20:09 INFO  [Main] [Geode]: Entry took 0.077s
19:20:15 INFO  [Main] [Geode]: Continuing mod graph refresh...
19:20:15 DEBUG [Main] [Geode]:   Loading mods
19:20:15 DEBUG [Main] [Geode]:     geode.devtools v1.5.0
19:20:15 ERROR [Main] [Geode]: Failed to fetch updates Empty response
19:20:15 DEBUG [Mod Unzip] [Geode]:  Unzip
19:20:15 DEBUG [Mod Unzip] [Geode]:  Same hash detected, skipping unzip
19:20:15 DEBUG [Main] [Geode]:       Load
19:20:15 DEBUG [Main] [Geode]:       Loading binary for mod geode.devtools
19:20:15 DEBUG [Main] [Geode]:       Enabled cocos2d::CCMouseDispatcher::dispatchScrollMSG hook at 0x7aa84970 for geode.devtools
19:20:15 DEBUG [Main] [Geode]:       Enabled cocos2d::CCTouchDispatcher::touches hook at 0x7aac8a10 for geode.devtools
19:20:15 DEBUG [Main] [Geode]:       Enabled cocos2d::CCIMEDispatcher::dispatchDeleteBackward hook at 0x7aac9f70 for geode.devtools
19:20:15 DEBUG [Main] [Geode]:       Enabled cocos2d::CCIMEDispatcher::dispatchInsertText hook at 0x7aac9fb0 for geode.devtools
19:20:15 DEBUG [Main] [Geode]:       Enabled cocos2d::CCNode::sortAllChildren hook at 0x7aa31630 for geode.devtools
19:20:15 DEBUG [Main] [Geode]:       Enabled cocos2d::CCKeyboardDispatcher::dispatchKeyboardMSG hook at 0x7aa6be70 for geode.devtools
19:20:15 DEBUG [Main] [Geode]:       Enabled AchievementNotifier::willSwitchToScene hook at 0x43c200 for geode.devtools
19:20:15 DEBUG [Main] [Geode]:       Enabled cocos2d::CCDirector::drawScene hook at 0x7aad2ae0 for geode.devtools
19:20:15 DEBUG [Main] [Geode]:       Enabled cocos2d::CCEGLView::swapBuffers hook at 0x7aa981b0 for geode.devtools
19:20:15 DEBUG [Main] [Geode]:       Enabled AppDelegate::applicationWillEnterForeground hook at 0x47b530 for geode.devtools
19:20:15 INFO  [Main] [Geode]: Took 0.142s
19:20:15 INFO  [Main] [Geode]: Continuing mod graph refresh...
19:20:15 DEBUG [Main] [Geode]:   Loading mods
19:20:15 DEBUG [Main] [Geode]:     dtothefourth.crowdcontrol v1.0.0
19:20:15 DEBUG [Mod Unzip] [Geode]:  Unzip
19:20:15 DEBUG [Mod Unzip] [Geode]:  Hash mismatch detected, unzipping
19:20:15 DEBUG [Main] [Geode]:       Load
19:20:15 DEBUG [Main] [Geode]:       Loading binary for mod dtothefourth.crowdcontrol
19:20:15 DEBUG [Main] [Geode]:       Enabled MenuLayer::init hook at 0x69b450 for dtothefourth.crowdcontrol
19:20:15 DEBUG [Main] [Geode]:       Enabled PlayLayer::init hook at 0x6fc4a0 for dtothefourth.crowdcontrol
19:20:15 INFO  [Main] [Geode]: Took 0.063s
19:20:15 INFO  [Main] [Geode]: Continuing mod graph refresh...
19:20:15 DEBUG [Main] [Geode]:   Finding problems
19:20:15 DEBUG [Main] [Geode]:     geode.loader
19:20:15 DEBUG [Main] [Geode]:     geode.devtools
19:20:15 DEBUG [Main] [Geode]:     dtothefourth.crowdcontrol
19:20:15 INFO  [Main] [Geode]:   Took 0s
19:20:15 DEBUG [Main] [Geode]: Verifying Loader Resources
19:20:15 DEBUG [Main] [Geode]: Loading Loader Resources
19:20:15 DEBUG [Main] [Geode]: Loading mod resources
19:20:15 DEBUG [Main] [Geode]: Adding resources
19:20:15 DEBUG [Main] [Geode]:   geode.loader
19:20:15 DEBUG [Main] [Geode]:     Adding sheet geode.loader/LogoSheet
19:20:15 DEBUG [Main] [Geode]:     Adding sheet geode.loader/APISheet
19:20:15 DEBUG [Main] [Geode]:     Adding sheet geode.loader/BlankSheet
19:20:19 DEBUG [Main] [Geode]: Checking updates for index
19:20:20 DEBUG [Main] [Geode]: Downloading index
19:20:22 DEBUG [Index Update] [Geode]: Unzipping index
19:20:27 INFO  [Main] [Geode]: Saving mod data...
19:20:27 DEBUG [Main] [Geode]:   geode.loader
19:20:27 DEBUG [Main] [Geode]:     Check covered
19:20:27 DEBUG [Main] [Geode]:     Check if auto-check-updates is saved
19:20:27 DEBUG [Main] [Geode]:     Check if show-platform-console is saved
19:20:27 DEBUG [Main] [Geode]:     Check if disable-last-crashed-popup is saved
19:20:27 DEBUG [Main] [Geode]:     Check if auto-update-mods is saved
19:20:27 DEBUG [Main] [Geode]:   geode.devtools
19:20:27 DEBUG [Main] [Geode]:     Check covered
19:20:27 DEBUG [Main] [Geode]:   dtothefourth.crowdcontrol
19:20:27 DEBUG [Main] [Geode]:     Check covered
19:20:27 INFO  [Main] [Geode]:   Took 0.002s
