08:44:09 INFO  [Main] [Geode]: Running Geode v2.0.0-beta.21 in Geometry Dash v2.204
08:44:09 INFO  [Main] [Geode]: Setting up internal mod
08:44:09 INFO  [Main] [Geode]: Setting up loader
08:44:09 DEBUG [Main] [Geode]:   Loading launch arguments
08:44:09 DEBUG [Main] [Geode]:   Setting up crash handler
08:44:09 DEBUG [Main] [Geode]:   Loading hooks
08:44:09 DEBUG [Main] [Geode]:     Enabled cocos2d::CCFileUtils::fullPathForFilename hook at 0x785c0f40 for geode.loader
08:44:09 DEBUG [Main] [Geode]:     Enabled cocos2d::CCFileUtils::sharedFileUtils hook at 0x785c9770 for geode.loader
08:44:09 DEBUG [Main] [Geode]:     Enabled cocos2d::CCNode::getUserObject hook at 0x786131f0 for geode.loader
08:44:09 DEBUG [Main] [Geode]:     Enabled cocos2d::CCNode::setUserObject hook at 0x785615a0 for geode.loader
08:44:09 DEBUG [Main] [Geode]:     Enabled LoadingLayer::init hook at 0xdd6370 for geode.loader
08:44:09 DEBUG [Main] [Geode]:     Enabled LoadingLayer::loadAssets hook at 0xdd6bd0 for geode.loader
08:44:09 DEBUG [Main] [Geode]:     Enabled MenuLayer::init hook at 0xddb450 for geode.loader
08:44:09 DEBUG [Main] [Geode]:     Enabled ProfilePage::getUserInfoFinished hook at 0xe51db0 for geode.loader
08:44:09 DEBUG [Main] [Geode]:     Enabled AchievementNotifier::willSwitchToScene hook at 0xb7c200 for geode.loader
08:44:09 DEBUG [Main] [Geode]:     Enabled AppDelegate::trySaveGame hook at 0xbbb790 for geode.loader
08:44:09 DEBUG [Main] [Geode]:     Enabled cocos2d::CCScheduler::update hook at 0x78606db0 for geode.loader
08:44:09 DEBUG [Main] [Geode]:     Enabled CCTextInputNode::ccTouchBegan hook at 0xb904f0 for geode.loader
08:44:09 DEBUG [Main] [Geode]:     Enabled LoadingLayer::loadAssets hook at 0xdd6bd0 for geode.loader
08:44:09 DEBUG [Main] [Geode]:   Setting up directories
08:44:09 INFO  [Main] [Geode]:   Refreshing mod graph
08:44:09 DEBUG [Main] [Geode]:     Queueing mods
08:44:09 DEBUG [Main] [Geode]:       Searching C:\Program Files (x86)\Steam\steamapps\common\Geometry Dash\geode\mods
08:44:09 DEBUG [Main] [Geode]:         Found dtothefourth.crowdcontrol.geode
08:44:09 DEBUG [Main] [Geode]:           id: dtothefourth.crowdcontrol
08:44:09 DEBUG [Main] [Geode]:           version: v1.0.0
08:44:09 DEBUG [Main] [Geode]:           early: no
08:44:09 DEBUG [Main] [Geode]:         Found geode.devtools.geode
08:44:09 DEBUG [Main] [Geode]:           id: geode.devtools
08:44:09 DEBUG [Main] [Geode]:           version: v1.5.0
08:44:09 DEBUG [Main] [Geode]:           early: no
08:44:09 DEBUG [Main] [Geode]:     Populating mod list
08:44:09 DEBUG [Main] [Geode]:       dtothefourth.crowdcontrol v1.0.0
08:44:09 DEBUG [Main] [Geode]:       geode.devtools v1.5.0
08:44:09 DEBUG [Main] [Geode]:     Building mod graph
08:44:09 DEBUG [Main] [Geode]:       geode.loader
08:44:09 DEBUG [Main] [Geode]:       geode.devtools
08:44:09 DEBUG [Main] [Geode]:         geode.loader
08:44:09 DEBUG [Main] [Geode]:       dtothefourth.crowdcontrol
08:44:09 DEBUG [Main] [Geode]:         geode.loader
08:44:09 DEBUG [Main] [Geode]:     Loading early mods
08:44:09 INFO  [Main] [Geode]:     Took 0.037s. Continuing next frame...
08:44:09 DEBUG [Main] [Geode]: Setting up IPC
08:44:09 DEBUG [Main] [Geode]:   IPC set up
08:44:09 INFO  [Main] [Geode]: Starting loader update check
08:44:09 INFO  [Main] [Geode]: Entry took 0.049s
08:44:12 INFO  [Main] [Geode]: Continuing mod graph refresh...
08:44:12 DEBUG [Main] [Geode]:   Loading mods
08:44:12 DEBUG [Main] [Geode]:     geode.devtools v1.5.0
08:44:12 ERROR [Main] [Geode]: Failed to fetch updates Empty response
08:44:12 DEBUG [Mod Unzip] [Geode]:  Unzip
08:44:12 DEBUG [Mod Unzip] [Geode]:  Same hash detected, skipping unzip
08:44:12 DEBUG [Main] [Geode]:       Load
08:44:12 DEBUG [Main] [Geode]:       Loading binary for mod geode.devtools
08:44:12 DEBUG [Main] [Geode]:       Enabled cocos2d::CCMouseDispatcher::dispatchScrollMSG hook at 0x785b4970 for geode.devtools
08:44:12 DEBUG [Main] [Geode]:       Enabled cocos2d::CCTouchDispatcher::touches hook at 0x785f8a10 for geode.devtools
08:44:12 DEBUG [Main] [Geode]:       Enabled cocos2d::CCIMEDispatcher::dispatchDeleteBackward hook at 0x785f9f70 for geode.devtools
08:44:12 DEBUG [Main] [Geode]:       Enabled cocos2d::CCIMEDispatcher::dispatchInsertText hook at 0x785f9fb0 for geode.devtools
08:44:12 DEBUG [Main] [Geode]:       Enabled cocos2d::CCNode::sortAllChildren hook at 0x78561630 for geode.devtools
08:44:12 DEBUG [Main] [Geode]:       Enabled cocos2d::CCKeyboardDispatcher::dispatchKeyboardMSG hook at 0x7859be70 for geode.devtools
08:44:12 DEBUG [Main] [Geode]:       Enabled AchievementNotifier::willSwitchToScene hook at 0xb7c200 for geode.devtools
08:44:12 DEBUG [Main] [Geode]:       Enabled cocos2d::CCDirector::drawScene hook at 0x78602ae0 for geode.devtools
08:44:12 DEBUG [Main] [Geode]:       Enabled cocos2d::CCEGLView::swapBuffers hook at 0x785c81b0 for geode.devtools
08:44:12 DEBUG [Main] [Geode]:       Enabled AppDelegate::applicationWillEnterForeground hook at 0xbbb530 for geode.devtools
08:44:13 INFO  [Main] [Geode]: Took 0.305s
08:44:13 INFO  [Main] [Geode]: Continuing mod graph refresh...
08:44:13 DEBUG [Main] [Geode]:   Loading mods
08:44:13 DEBUG [Main] [Geode]:     dtothefourth.crowdcontrol v1.0.0
08:44:13 DEBUG [Mod Unzip] [Geode]:  Unzip
08:44:13 DEBUG [Mod Unzip] [Geode]:  Hash mismatch detected, unzipping
08:44:13 DEBUG [Main] [Geode]:       Load
08:44:13 DEBUG [Main] [Geode]:       Loading binary for mod dtothefourth.crowdcontrol
08:44:13 DEBUG [Main] [Geode]:       Enabled MenuLayer::init hook at 0xddb450 for dtothefourth.crowdcontrol
08:44:13 DEBUG [Main] [Geode]:       Enabled PlayerObject::pushButton hook at 0xe31d30 for dtothefourth.crowdcontrol
08:44:13 DEBUG [Main] [Geode]:       Enabled PlayerObject::releaseButton hook at 0xe31f70 for dtothefourth.crowdcontrol
08:44:13 DEBUG [Main] [Geode]:       Enabled PlayLayer::init hook at 0xe3c4a0 for dtothefourth.crowdcontrol
08:44:13 INFO  [Main] [Geode]: Took 0.085s
08:44:13 INFO  [Main] [Geode]: Continuing mod graph refresh...
08:44:13 DEBUG [Main] [Geode]:   Finding problems
08:44:13 DEBUG [Main] [Geode]:     geode.loader
08:44:13 DEBUG [Main] [Geode]:     geode.devtools
08:44:13 DEBUG [Main] [Geode]:     dtothefourth.crowdcontrol
08:44:13 INFO  [Main] [Geode]:   Took 0s
08:44:13 DEBUG [Main] [Geode]: Verifying Loader Resources
08:44:13 DEBUG [Main] [Geode]: Loading Loader Resources
08:44:13 DEBUG [Main] [Geode]: Loading mod resources
08:44:13 DEBUG [Main] [Geode]: Adding resources
08:44:13 DEBUG [Main] [Geode]:   geode.loader
08:44:13 DEBUG [Main] [Geode]:     Adding sheet geode.loader/LogoSheet
08:44:13 DEBUG [Main] [Geode]:     Adding sheet geode.loader/APISheet
08:44:13 DEBUG [Main] [Geode]:     Adding sheet geode.loader/BlankSheet
