04:37:18 INFO  [Main] [Geode]: Running Geode v2.0.0-beta.21 in Geometry Dash v2.204
04:37:18 INFO  [Main] [Geode]: Setting up internal mod
04:37:18 INFO  [Main] [Geode]: Setting up loader
04:37:18 DEBUG [Main] [Geode]:   Loading launch arguments
04:37:18 DEBUG [Main] [Geode]:   Setting up crash handler
04:37:18 DEBUG [Main] [Geode]:   Loading hooks
04:37:18 DEBUG [Main] [Geode]:     Enabled cocos2d::CCFileUtils::fullPathForFilename hook at 0x7ae80f40 for geode.loader
04:37:18 DEBUG [Main] [Geode]:     Enabled cocos2d::CCFileUtils::sharedFileUtils hook at 0x7ae89770 for geode.loader
04:37:18 DEBUG [Main] [Geode]:     Enabled cocos2d::CCNode::getUserObject hook at 0x7aed31f0 for geode.loader
04:37:18 DEBUG [Main] [Geode]:     Enabled cocos2d::CCNode::setUserObject hook at 0x7ae215a0 for geode.loader
04:37:18 DEBUG [Main] [Geode]:     Enabled LoadingLayer::init hook at 0x1256370 for geode.loader
04:37:18 DEBUG [Main] [Geode]:     Enabled LoadingLayer::loadAssets hook at 0x1256bd0 for geode.loader
04:37:18 DEBUG [Main] [Geode]:     Enabled MenuLayer::init hook at 0x125b450 for geode.loader
04:37:18 DEBUG [Main] [Geode]:     Enabled ProfilePage::getUserInfoFinished hook at 0x12d1db0 for geode.loader
04:37:18 DEBUG [Main] [Geode]:     Enabled AchievementNotifier::willSwitchToScene hook at 0xffc200 for geode.loader
04:37:18 DEBUG [Main] [Geode]:     Enabled AppDelegate::trySaveGame hook at 0x103b790 for geode.loader
04:37:18 DEBUG [Main] [Geode]:     Enabled cocos2d::CCScheduler::update hook at 0x7aec6db0 for geode.loader
04:37:18 DEBUG [Main] [Geode]:     Enabled CCTextInputNode::ccTouchBegan hook at 0x10104f0 for geode.loader
04:37:18 DEBUG [Main] [Geode]:     Enabled LoadingLayer::loadAssets hook at 0x1256bd0 for geode.loader
04:37:18 DEBUG [Main] [Geode]:   Setting up directories
04:37:18 INFO  [Main] [Geode]:   Refreshing mod graph
04:37:18 DEBUG [Main] [Geode]:     Queueing mods
04:37:18 DEBUG [Main] [Geode]:       Searching C:\Program Files (x86)\Steam\steamapps\common\Geometry Dash\geode\mods
04:37:18 DEBUG [Main] [Geode]:         Found dtothefourth.crowdcontrol.geode
04:37:18 DEBUG [Main] [Geode]:           id: dtothefourth.crowdcontrol
04:37:18 DEBUG [Main] [Geode]:           version: v1.0.0
04:37:18 DEBUG [Main] [Geode]:           early: no
04:37:18 DEBUG [Main] [Geode]:         Found geode.devtools.geode
04:37:18 DEBUG [Main] [Geode]:           id: geode.devtools
04:37:18 DEBUG [Main] [Geode]:           version: v1.5.0
04:37:18 DEBUG [Main] [Geode]:           early: no
04:37:18 DEBUG [Main] [Geode]:     Populating mod list
04:37:18 DEBUG [Main] [Geode]:       dtothefourth.crowdcontrol v1.0.0
04:37:18 DEBUG [Main] [Geode]:       geode.devtools v1.5.0
04:37:18 DEBUG [Main] [Geode]:     Building mod graph
04:37:18 DEBUG [Main] [Geode]:       geode.loader
04:37:18 DEBUG [Main] [Geode]:       geode.devtools
04:37:18 DEBUG [Main] [Geode]:         geode.loader
04:37:18 DEBUG [Main] [Geode]:       dtothefourth.crowdcontrol
04:37:18 DEBUG [Main] [Geode]:         geode.loader
04:37:18 DEBUG [Main] [Geode]:     Loading early mods
04:37:18 INFO  [Main] [Geode]:     Took 0.022s. Continuing next frame...
04:37:18 DEBUG [Main] [Geode]: Setting up IPC
04:37:18 DEBUG [Main] [Geode]:   IPC set up
04:37:18 INFO  [Main] [Geode]: Starting loader update check
04:37:18 INFO  [Main] [Geode]: Entry took 0.034s
04:37:21 INFO  [Main] [Geode]: Continuing mod graph refresh...
04:37:21 DEBUG [Main] [Geode]:   Loading mods
04:37:21 DEBUG [Main] [Geode]:     geode.devtools v1.5.0
04:37:21 ERROR [Main] [Geode]: Failed to fetch updates Empty response
04:37:21 DEBUG [Mod Unzip] [Geode]:  Unzip
04:37:21 DEBUG [Mod Unzip] [Geode]:  Hash mismatch detected, unzipping
04:37:21 DEBUG [Main] [Geode]:       Load
04:37:21 DEBUG [Main] [Geode]:       Loading binary for mod geode.devtools
04:37:21 DEBUG [Main] [Geode]:       Enabled cocos2d::CCMouseDispatcher::dispatchScrollMSG hook at 0x7ae74970 for geode.devtools
04:37:21 DEBUG [Main] [Geode]:       Enabled cocos2d::CCTouchDispatcher::touches hook at 0x7aeb8a10 for geode.devtools
04:37:21 DEBUG [Main] [Geode]:       Enabled cocos2d::CCIMEDispatcher::dispatchDeleteBackward hook at 0x7aeb9f70 for geode.devtools
04:37:21 DEBUG [Main] [Geode]:       Enabled cocos2d::CCIMEDispatcher::dispatchInsertText hook at 0x7aeb9fb0 for geode.devtools
04:37:21 DEBUG [Main] [Geode]:       Enabled cocos2d::CCNode::sortAllChildren hook at 0x7ae21630 for geode.devtools
04:37:21 DEBUG [Main] [Geode]:       Enabled cocos2d::CCKeyboardDispatcher::dispatchKeyboardMSG hook at 0x7ae5be70 for geode.devtools
04:37:21 DEBUG [Main] [Geode]:       Enabled AchievementNotifier::willSwitchToScene hook at 0xffc200 for geode.devtools
04:37:21 DEBUG [Main] [Geode]:       Enabled cocos2d::CCDirector::drawScene hook at 0x7aec2ae0 for geode.devtools
04:37:21 DEBUG [Main] [Geode]:       Enabled cocos2d::CCEGLView::swapBuffers hook at 0x7ae881b0 for geode.devtools
04:37:21 DEBUG [Main] [Geode]:       Enabled AppDelegate::applicationWillEnterForeground hook at 0x103b530 for geode.devtools
04:37:21 INFO  [Main] [Geode]: Took 0.133s
04:37:21 INFO  [Main] [Geode]: Continuing mod graph refresh...
04:37:21 DEBUG [Main] [Geode]:   Loading mods
04:37:21 DEBUG [Main] [Geode]:     dtothefourth.crowdcontrol v1.0.0
04:37:21 DEBUG [Mod Unzip] [Geode]:  Unzip
04:37:21 DEBUG [Mod Unzip] [Geode]:  Same hash detected, skipping unzip
04:37:21 DEBUG [Main] [Geode]:       Load
04:37:21 DEBUG [Main] [Geode]:       Loading binary for mod dtothefourth.crowdcontrol
04:37:21 DEBUG [Main] [Geode]:       Enabled MenuLayer::init hook at 0x125b450 for dtothefourth.crowdcontrol
04:37:21 INFO  [Main] [Geode]: Took 0.003s
04:37:21 INFO  [Main] [Geode]: Continuing mod graph refresh...
04:37:21 DEBUG [Main] [Geode]:   Finding problems
04:37:21 DEBUG [Main] [Geode]:     geode.loader
04:37:21 DEBUG [Main] [Geode]:     geode.devtools
04:37:21 DEBUG [Main] [Geode]:     dtothefourth.crowdcontrol
04:37:21 INFO  [Main] [Geode]:   Took 0s
04:37:21 DEBUG [Main] [Geode]: Verifying Loader Resources
04:37:21 DEBUG [Main] [Geode]: Loading Loader Resources
04:37:21 DEBUG [Main] [Geode]: Loading mod resources
04:37:21 DEBUG [Main] [Geode]: Adding resources
04:37:21 DEBUG [Main] [Geode]:   geode.loader
04:37:21 DEBUG [Main] [Geode]:     Adding sheet geode.loader/LogoSheet
04:37:21 DEBUG [Main] [Geode]:     Adding sheet geode.loader/APISheet
04:37:21 DEBUG [Main] [Geode]:     Adding sheet geode.loader/BlankSheet
04:37:25 DEBUG [Main] [Geode]: Checking updates for index
04:37:25 DEBUG [Index Update] [Geode]: Updating local index cache
04:37:25 WARN  [Index Update] [Geode]:   settings.randomise-main-menu-bg contains unknown key "platforms"
04:37:25 WARN  [Index Update] [Geode]:   settings.force-bg contains unknown key "platforms"
04:37:25 WARN  [Index Update] [Geode]:   settings.mouse-move-on-zoom contains unknown key "platforms"
04:37:25 WARN  [Index Update] [Geode]:   settings.grid-size-controls contains unknown key "platforms"
04:37:25 WARN  [Index Update] [Geode]:   settings.show-grid-on-size-change contains unknown key "platforms"
04:37:25 WARN  [Index Update] [Geode]:   settings.soft-save-enabled contains unknown key "platforms"
04:37:25 DEBUG [Index Update] [Geode]:   Done
11:54:56 INFO  [Main] [Geode]: Saving mod data...
11:54:56 DEBUG [Main] [Geode]:   geode.loader
11:54:56 DEBUG [Main] [Geode]:     Check covered
11:54:56 DEBUG [Main] [Geode]:     Check if auto-check-updates is saved
11:54:56 DEBUG [Main] [Geode]:     Check if show-platform-console is saved
11:54:56 DEBUG [Main] [Geode]:     Check if disable-last-crashed-popup is saved
11:54:56 DEBUG [Main] [Geode]:     Check if auto-update-mods is saved
11:54:56 DEBUG [Main] [Geode]:   geode.devtools
11:54:56 DEBUG [Main] [Geode]:     Check covered
11:54:56 DEBUG [Main] [Geode]:   dtothefourth.crowdcontrol
11:54:56 DEBUG [Main] [Geode]:     Check covered
11:54:56 INFO  [Main] [Geode]:   Took 0.003s
