08:31:11 INFO  [Main] [Geode]: Running Geode v2.0.0-beta.21 in Geometry Dash v2.204
08:31:11 INFO  [Main] [Geode]: Setting up internal mod
08:31:11 INFO  [Main] [Geode]: Setting up loader
08:31:11 DEBUG [Main] [Geode]:   Loading launch arguments
08:31:11 DEBUG [Main] [Geode]:   Setting up crash handler
08:31:11 DEBUG [Main] [Geode]:   Loading hooks
08:31:11 DEBUG [Main] [Geode]:     Enabled cocos2d::CCFileUtils::fullPathForFilename hook at 0x785c0f40 for geode.loader
08:31:11 DEBUG [Main] [Geode]:     Enabled cocos2d::CCFileUtils::sharedFileUtils hook at 0x785c9770 for geode.loader
08:31:11 DEBUG [Main] [Geode]:     Enabled cocos2d::CCNode::getUserObject hook at 0x786131f0 for geode.loader
08:31:11 DEBUG [Main] [Geode]:     Enabled cocos2d::CCNode::setUserObject hook at 0x785615a0 for geode.loader
08:31:11 DEBUG [Main] [Geode]:     Enabled LoadingLayer::init hook at 0xdd6370 for geode.loader
08:31:11 DEBUG [Main] [Geode]:     Enabled LoadingLayer::loadAssets hook at 0xdd6bd0 for geode.loader
08:31:11 DEBUG [Main] [Geode]:     Enabled MenuLayer::init hook at 0xddb450 for geode.loader
08:31:11 DEBUG [Main] [Geode]:     Enabled ProfilePage::getUserInfoFinished hook at 0xe51db0 for geode.loader
08:31:11 DEBUG [Main] [Geode]:     Enabled AchievementNotifier::willSwitchToScene hook at 0xb7c200 for geode.loader
08:31:11 DEBUG [Main] [Geode]:     Enabled AppDelegate::trySaveGame hook at 0xbbb790 for geode.loader
08:31:11 DEBUG [Main] [Geode]:     Enabled cocos2d::CCScheduler::update hook at 0x78606db0 for geode.loader
08:31:11 DEBUG [Main] [Geode]:     Enabled CCTextInputNode::ccTouchBegan hook at 0xb904f0 for geode.loader
08:31:11 DEBUG [Main] [Geode]:     Enabled LoadingLayer::loadAssets hook at 0xdd6bd0 for geode.loader
08:31:11 DEBUG [Main] [Geode]:   Setting up directories
08:31:11 INFO  [Main] [Geode]:   Refreshing mod graph
08:31:11 DEBUG [Main] [Geode]:     Queueing mods
08:31:11 DEBUG [Main] [Geode]:       Searching C:\Program Files (x86)\Steam\steamapps\common\Geometry Dash\geode\mods
08:31:11 DEBUG [Main] [Geode]:         Found dtothefourth.crowdcontrol.geode
08:31:11 DEBUG [Main] [Geode]:           id: dtothefourth.crowdcontrol
08:31:11 DEBUG [Main] [Geode]:           version: v1.0.0
08:31:11 DEBUG [Main] [Geode]:           early: no
08:31:11 DEBUG [Main] [Geode]:         Found geode.devtools.geode
08:31:11 DEBUG [Main] [Geode]:           id: geode.devtools
08:31:11 DEBUG [Main] [Geode]:           version: v1.5.0
08:31:11 DEBUG [Main] [Geode]:           early: no
08:31:11 DEBUG [Main] [Geode]:     Populating mod list
08:31:11 DEBUG [Main] [Geode]:       dtothefourth.crowdcontrol v1.0.0
08:31:11 DEBUG [Main] [Geode]:       geode.devtools v1.5.0
08:31:11 DEBUG [Main] [Geode]:     Building mod graph
08:31:11 DEBUG [Main] [Geode]:       geode.loader
08:31:11 DEBUG [Main] [Geode]:       geode.devtools
08:31:11 DEBUG [Main] [Geode]:         geode.loader
08:31:11 DEBUG [Main] [Geode]:       dtothefourth.crowdcontrol
08:31:11 DEBUG [Main] [Geode]:         geode.loader
08:31:11 DEBUG [Main] [Geode]:     Loading early mods
08:31:11 INFO  [Main] [Geode]:     Took 0.024s. Continuing next frame...
08:31:11 DEBUG [Main] [Geode]: Setting up IPC
08:31:11 DEBUG [Main] [Geode]:   IPC set up
08:31:11 INFO  [Main] [Geode]: Starting loader update check
08:31:11 INFO  [Main] [Geode]: Entry took 0.032s
08:31:13 INFO  [Main] [Geode]: Continuing mod graph refresh...
08:31:13 DEBUG [Main] [Geode]:   Loading mods
08:31:13 DEBUG [Main] [Geode]:     geode.devtools v1.5.0
08:31:13 ERROR [Main] [Geode]: Failed to fetch updates Empty response
08:31:13 DEBUG [Mod Unzip] [Geode]:  Unzip
08:31:13 DEBUG [Mod Unzip] [Geode]:  Same hash detected, skipping unzip
08:31:13 DEBUG [Main] [Geode]:       Load
08:31:13 DEBUG [Main] [Geode]:       Loading binary for mod geode.devtools
08:31:13 DEBUG [Main] [Geode]:       Enabled cocos2d::CCMouseDispatcher::dispatchScrollMSG hook at 0x785b4970 for geode.devtools
08:31:13 DEBUG [Main] [Geode]:       Enabled cocos2d::CCTouchDispatcher::touches hook at 0x785f8a10 for geode.devtools
08:31:13 DEBUG [Main] [Geode]:       Enabled cocos2d::CCIMEDispatcher::dispatchDeleteBackward hook at 0x785f9f70 for geode.devtools
08:31:13 DEBUG [Main] [Geode]:       Enabled cocos2d::CCIMEDispatcher::dispatchInsertText hook at 0x785f9fb0 for geode.devtools
08:31:13 DEBUG [Main] [Geode]:       Enabled cocos2d::CCNode::sortAllChildren hook at 0x78561630 for geode.devtools
08:31:13 DEBUG [Main] [Geode]:       Enabled cocos2d::CCKeyboardDispatcher::dispatchKeyboardMSG hook at 0x7859be70 for geode.devtools
08:31:13 DEBUG [Main] [Geode]:       Enabled AchievementNotifier::willSwitchToScene hook at 0xb7c200 for geode.devtools
08:31:13 DEBUG [Main] [Geode]:       Enabled cocos2d::CCDirector::drawScene hook at 0x78602ae0 for geode.devtools
08:31:13 DEBUG [Main] [Geode]:       Enabled cocos2d::CCEGLView::swapBuffers hook at 0x785c81b0 for geode.devtools
08:31:13 DEBUG [Main] [Geode]:       Enabled AppDelegate::applicationWillEnterForeground hook at 0xbbb530 for geode.devtools
08:31:13 INFO  [Main] [Geode]: Took 0.248s
08:31:13 INFO  [Main] [Geode]: Continuing mod graph refresh...
08:31:13 DEBUG [Main] [Geode]:   Loading mods
08:31:13 DEBUG [Main] [Geode]:     dtothefourth.crowdcontrol v1.0.0
08:31:13 DEBUG [Mod Unzip] [Geode]:  Unzip
08:31:13 DEBUG [Mod Unzip] [Geode]:  Hash mismatch detected, unzipping
08:31:13 DEBUG [Main] [Geode]:       Load
08:31:13 DEBUG [Main] [Geode]:       Loading binary for mod dtothefourth.crowdcontrol
08:31:13 DEBUG [Main] [Geode]:       Enabled MenuLayer::init hook at 0xddb450 for dtothefourth.crowdcontrol
08:31:13 DEBUG [Main] [Geode]:       Enabled PlayLayer::init hook at 0xe3c4a0 for dtothefourth.crowdcontrol
08:31:13 INFO  [Main] [Geode]: Took 0.063s
08:31:13 INFO  [Main] [Geode]: Continuing mod graph refresh...
08:31:13 DEBUG [Main] [Geode]:   Finding problems
08:31:13 DEBUG [Main] [Geode]:     geode.loader
08:31:13 DEBUG [Main] [Geode]:     geode.devtools
08:31:13 DEBUG [Main] [Geode]:     dtothefourth.crowdcontrol
08:31:13 INFO  [Main] [Geode]:   Took 0s
08:31:13 DEBUG [Main] [Geode]: Verifying Loader Resources
08:31:13 DEBUG [Main] [Geode]: Loading Loader Resources
08:31:13 DEBUG [Main] [Geode]: Loading mod resources
08:31:13 DEBUG [Main] [Geode]: Adding resources
08:31:13 DEBUG [Main] [Geode]:   geode.loader
08:31:13 DEBUG [Main] [Geode]:     Adding sheet geode.loader/LogoSheet
08:31:13 DEBUG [Main] [Geode]:     Adding sheet geode.loader/APISheet
08:31:13 DEBUG [Main] [Geode]:     Adding sheet geode.loader/BlankSheet
08:31:18 DEBUG [Main] [Geode]: Checking updates for index
08:31:18 DEBUG [Index Update] [Geode]: Updating local index cache
08:31:18 WARN  [Index Update] [Geode]:   settings.randomise-main-menu-bg contains unknown key "platforms"
08:31:18 WARN  [Index Update] [Geode]:   settings.force-bg contains unknown key "platforms"
08:31:19 WARN  [Index Update] [Geode]:   settings.mouse-move-on-zoom contains unknown key "platforms"
08:31:19 WARN  [Index Update] [Geode]:   settings.grid-size-controls contains unknown key "platforms"
08:31:19 WARN  [Index Update] [Geode]:   settings.show-grid-on-size-change contains unknown key "platforms"
08:31:19 WARN  [Index Update] [Geode]:   settings.soft-save-enabled contains unknown key "platforms"
08:31:19 DEBUG [Index Update] [Geode]:   Done
08:33:08 INFO  [Main] [Geode]: Saving mod data...
08:33:08 DEBUG [Main] [Geode]:   geode.loader
08:33:08 DEBUG [Main] [Geode]:     Check covered
08:33:08 DEBUG [Main] [Geode]:     Check if auto-check-updates is saved
08:33:08 DEBUG [Main] [Geode]:     Check if show-platform-console is saved
08:33:08 DEBUG [Main] [Geode]:     Check if disable-last-crashed-popup is saved
08:33:08 DEBUG [Main] [Geode]:     Check if auto-update-mods is saved
08:33:08 DEBUG [Main] [Geode]:   geode.devtools
08:33:08 DEBUG [Main] [Geode]:     Check covered
08:33:08 DEBUG [Main] [Geode]:   dtothefourth.crowdcontrol
08:33:08 DEBUG [Main] [Geode]:     Check covered
08:33:08 INFO  [Main] [Geode]:   Took 0.002s
