07:19:10 INFO  [Main] [Geode]: Running Geode v2.0.0-beta.21 in Geometry Dash v2.204
07:19:10 INFO  [Main] [Geode]: Setting up internal mod
07:19:10 INFO  [Main] [Geode]: Setting up loader
07:19:10 DEBUG [Main] [Geode]:   Loading launch arguments
07:19:10 DEBUG [Main] [Geode]:   Setting up crash handler
07:19:10 DEBUG [Main] [Geode]:   Loading hooks
07:19:10 DEBUG [Main] [Geode]:     Enabled cocos2d::CCFileUtils::fullPathForFilename hook at 0x78bc0f40 for geode.loader
07:19:10 DEBUG [Main] [Geode]:     Enabled cocos2d::CCFileUtils::sharedFileUtils hook at 0x78bc9770 for geode.loader
07:19:10 DEBUG [Main] [Geode]:     Enabled cocos2d::CCNode::getUserObject hook at 0x78c131f0 for geode.loader
07:19:10 DEBUG [Main] [Geode]:     Enabled cocos2d::CCNode::setUserObject hook at 0x78b615a0 for geode.loader
07:19:10 DEBUG [Main] [Geode]:     Enabled LoadingLayer::init hook at 0x1066370 for geode.loader
07:19:10 DEBUG [Main] [Geode]:     Enabled LoadingLayer::loadAssets hook at 0x1066bd0 for geode.loader
07:19:10 DEBUG [Main] [Geode]:     Enabled MenuLayer::init hook at 0x106b450 for geode.loader
07:19:10 DEBUG [Main] [Geode]:     Enabled ProfilePage::getUserInfoFinished hook at 0x10e1db0 for geode.loader
07:19:10 DEBUG [Main] [Geode]:     Enabled AchievementNotifier::willSwitchToScene hook at 0xe0c200 for geode.loader
07:19:10 DEBUG [Main] [Geode]:     Enabled AppDelegate::trySaveGame hook at 0xe4b790 for geode.loader
07:19:10 DEBUG [Main] [Geode]:     Enabled cocos2d::CCScheduler::update hook at 0x78c06db0 for geode.loader
07:19:10 DEBUG [Main] [Geode]:     Enabled CCTextInputNode::ccTouchBegan hook at 0xe204f0 for geode.loader
07:19:10 DEBUG [Main] [Geode]:     Enabled LoadingLayer::loadAssets hook at 0x1066bd0 for geode.loader
07:19:10 DEBUG [Main] [Geode]:   Setting up directories
07:19:10 INFO  [Main] [Geode]:   Refreshing mod graph
07:19:10 DEBUG [Main] [Geode]:     Queueing mods
07:19:10 DEBUG [Main] [Geode]:       Searching C:\Program Files (x86)\Steam\steamapps\common\Geometry Dash\geode\mods
07:19:10 DEBUG [Main] [Geode]:         Found dtothefourth.crowdcontrol.geode
07:19:10 DEBUG [Main] [Geode]:           id: dtothefourth.crowdcontrol
07:19:10 DEBUG [Main] [Geode]:           version: v1.0.0
07:19:10 DEBUG [Main] [Geode]:           early: no
07:19:10 DEBUG [Main] [Geode]:         Found geode.devtools.geode
07:19:10 DEBUG [Main] [Geode]:           id: geode.devtools
07:19:10 DEBUG [Main] [Geode]:           version: v1.5.0
07:19:10 DEBUG [Main] [Geode]:           early: no
07:19:10 DEBUG [Main] [Geode]:     Populating mod list
07:19:10 DEBUG [Main] [Geode]:       dtothefourth.crowdcontrol v1.0.0
07:19:10 DEBUG [Main] [Geode]:       geode.devtools v1.5.0
07:19:10 DEBUG [Main] [Geode]:     Building mod graph
07:19:10 DEBUG [Main] [Geode]:       geode.loader
07:19:10 DEBUG [Main] [Geode]:       geode.devtools
07:19:10 DEBUG [Main] [Geode]:         geode.loader
07:19:10 DEBUG [Main] [Geode]:       dtothefourth.crowdcontrol
07:19:10 DEBUG [Main] [Geode]:         geode.loader
07:19:10 DEBUG [Main] [Geode]:     Loading early mods
07:19:10 INFO  [Main] [Geode]:     Took 0.035s. Continuing next frame...
07:19:10 DEBUG [Main] [Geode]: Setting up IPC
07:19:10 DEBUG [Main] [Geode]:   IPC set up
07:19:10 INFO  [Main] [Geode]: Starting loader update check
07:19:10 INFO  [Main] [Geode]: Entry took 0.044s
07:19:12 INFO  [Main] [Geode]: Continuing mod graph refresh...
07:19:12 DEBUG [Main] [Geode]:   Loading mods
07:19:12 DEBUG [Main] [Geode]:     geode.devtools v1.5.0
07:19:12 ERROR [Main] [Geode]: Failed to fetch updates Empty response
07:19:12 DEBUG [Mod Unzip] [Geode]:  Unzip
07:19:12 DEBUG [Mod Unzip] [Geode]:  Same hash detected, skipping unzip
07:19:12 DEBUG [Main] [Geode]:       Load
07:19:12 DEBUG [Main] [Geode]:       Loading binary for mod geode.devtools
07:19:12 DEBUG [Main] [Geode]:       Enabled cocos2d::CCMouseDispatcher::dispatchScrollMSG hook at 0x78bb4970 for geode.devtools
07:19:12 DEBUG [Main] [Geode]:       Enabled cocos2d::CCTouchDispatcher::touches hook at 0x78bf8a10 for geode.devtools
07:19:12 DEBUG [Main] [Geode]:       Enabled cocos2d::CCIMEDispatcher::dispatchDeleteBackward hook at 0x78bf9f70 for geode.devtools
07:19:12 DEBUG [Main] [Geode]:       Enabled cocos2d::CCIMEDispatcher::dispatchInsertText hook at 0x78bf9fb0 for geode.devtools
07:19:12 DEBUG [Main] [Geode]:       Enabled cocos2d::CCNode::sortAllChildren hook at 0x78b61630 for geode.devtools
07:19:12 DEBUG [Main] [Geode]:       Enabled cocos2d::CCKeyboardDispatcher::dispatchKeyboardMSG hook at 0x78b9be70 for geode.devtools
07:19:12 DEBUG [Main] [Geode]:       Enabled AchievementNotifier::willSwitchToScene hook at 0xe0c200 for geode.devtools
07:19:12 DEBUG [Main] [Geode]:       Enabled cocos2d::CCDirector::drawScene hook at 0x78c02ae0 for geode.devtools
07:19:12 DEBUG [Main] [Geode]:       Enabled cocos2d::CCEGLView::swapBuffers hook at 0x78bc81b0 for geode.devtools
07:19:12 DEBUG [Main] [Geode]:       Enabled AppDelegate::applicationWillEnterForeground hook at 0xe4b530 for geode.devtools
07:19:13 INFO  [Main] [Geode]: Took 0.374s
07:19:13 INFO  [Main] [Geode]: Continuing mod graph refresh...
07:19:13 DEBUG [Main] [Geode]:   Loading mods
07:19:13 DEBUG [Main] [Geode]:     dtothefourth.crowdcontrol v1.0.0
07:19:13 DEBUG [Mod Unzip] [Geode]:  Unzip
07:19:13 DEBUG [Mod Unzip] [Geode]:  Hash mismatch detected, unzipping
07:19:13 DEBUG [Main] [Geode]:       Load
07:19:13 DEBUG [Main] [Geode]:       Loading binary for mod dtothefourth.crowdcontrol
07:19:13 DEBUG [Main] [Geode]:       Enabled MenuLayer::init hook at 0x106b450 for dtothefourth.crowdcontrol
07:19:13 DEBUG [Main] [Geode]:       Enabled PlayerObject::init hook at 0x10b24c0 for dtothefourth.crowdcontrol
07:19:13 DEBUG [Main] [Geode]:       Enabled PlayLayer::init hook at 0x10cc4a0 for dtothefourth.crowdcontrol
07:19:13 INFO  [Main] [Geode]: Took 0.103s
07:19:13 INFO  [Main] [Geode]: Continuing mod graph refresh...
07:19:13 DEBUG [Main] [Geode]:   Finding problems
07:19:13 DEBUG [Main] [Geode]:     geode.loader
07:19:13 DEBUG [Main] [Geode]:     geode.devtools
07:19:13 DEBUG [Main] [Geode]:     dtothefourth.crowdcontrol
07:19:13 INFO  [Main] [Geode]:   Took 0s
07:19:13 DEBUG [Main] [Geode]: Verifying Loader Resources
07:19:13 DEBUG [Main] [Geode]: Loading Loader Resources
07:19:13 DEBUG [Main] [Geode]: Loading mod resources
07:19:13 DEBUG [Main] [Geode]: Adding resources
07:19:13 DEBUG [Main] [Geode]:   geode.loader
07:19:13 DEBUG [Main] [Geode]:     Adding sheet geode.loader/LogoSheet
07:19:13 DEBUG [Main] [Geode]:     Adding sheet geode.loader/APISheet
07:19:13 DEBUG [Main] [Geode]:     Adding sheet geode.loader/BlankSheet
07:19:18 DEBUG [Main] [Geode]: Checking updates for index
07:19:19 DEBUG [Index Update] [Geode]: Updating local index cache
07:19:19 WARN  [Index Update] [Geode]:   settings.randomise-main-menu-bg contains unknown key "platforms"
07:19:19 WARN  [Index Update] [Geode]:   settings.force-bg contains unknown key "platforms"
07:19:19 WARN  [Index Update] [Geode]:   settings.mouse-move-on-zoom contains unknown key "platforms"
07:19:19 WARN  [Index Update] [Geode]:   settings.grid-size-controls contains unknown key "platforms"
07:19:19 WARN  [Index Update] [Geode]:   settings.show-grid-on-size-change contains unknown key "platforms"
07:19:19 WARN  [Index Update] [Geode]:   settings.soft-save-enabled contains unknown key "platforms"
07:19:19 DEBUG [Index Update] [Geode]:   Done
07:20:27 INFO  [Main] [Geode]: Saving mod data...
07:20:27 DEBUG [Main] [Geode]:   geode.loader
07:20:27 DEBUG [Main] [Geode]:     Check covered
07:20:27 DEBUG [Main] [Geode]:     Check if auto-check-updates is saved
07:20:27 DEBUG [Main] [Geode]:     Check if show-platform-console is saved
07:20:27 DEBUG [Main] [Geode]:     Check if disable-last-crashed-popup is saved
07:20:27 DEBUG [Main] [Geode]:     Check if auto-update-mods is saved
07:20:27 DEBUG [Main] [Geode]:   geode.devtools
07:20:27 DEBUG [Main] [Geode]:     Check covered
07:20:27 DEBUG [Main] [Geode]:   dtothefourth.crowdcontrol
07:20:27 DEBUG [Main] [Geode]:     Check covered
07:20:27 INFO  [Main] [Geode]:   Took 0.002s
