03:45:22 INFO  [Main] [Geode]: Running Geode v2.0.0-beta.21 in Geometry Dash v2.204
03:45:22 INFO  [Main] [Geode]: Setting up internal mod
03:45:22 INFO  [Main] [Geode]: Setting up loader
03:45:22 DEBUG [Main] [Geode]:   Loading launch arguments
03:45:22 DEBUG [Main] [Geode]:   Setting up crash handler
03:45:22 DEBUG [Main] [Geode]:   Loading hooks
03:45:22 DEBUG [Main] [Geode]:     Enabled cocos2d::CCFileUtils::fullPathForFilename hook at 0x78bc0f40 for geode.loader
03:45:22 DEBUG [Main] [Geode]:     Enabled cocos2d::CCFileUtils::sharedFileUtils hook at 0x78bc9770 for geode.loader
03:45:22 DEBUG [Main] [Geode]:     Enabled cocos2d::CCNode::getUserObject hook at 0x78c131f0 for geode.loader
03:45:22 DEBUG [Main] [Geode]:     Enabled cocos2d::CCNode::setUserObject hook at 0x78b615a0 for geode.loader
03:45:22 DEBUG [Main] [Geode]:     Enabled LoadingLayer::init hook at 0x1066370 for geode.loader
03:45:22 DEBUG [Main] [Geode]:     Enabled LoadingLayer::loadAssets hook at 0x1066bd0 for geode.loader
03:45:22 DEBUG [Main] [Geode]:     Enabled MenuLayer::init hook at 0x106b450 for geode.loader
03:45:22 DEBUG [Main] [Geode]:     Enabled ProfilePage::getUserInfoFinished hook at 0x10e1db0 for geode.loader
03:45:22 DEBUG [Main] [Geode]:     Enabled AchievementNotifier::willSwitchToScene hook at 0xe0c200 for geode.loader
03:45:22 DEBUG [Main] [Geode]:     Enabled AppDelegate::trySaveGame hook at 0xe4b790 for geode.loader
03:45:22 DEBUG [Main] [Geode]:     Enabled cocos2d::CCScheduler::update hook at 0x78c06db0 for geode.loader
03:45:22 DEBUG [Main] [Geode]:     Enabled CCTextInputNode::ccTouchBegan hook at 0xe204f0 for geode.loader
03:45:22 DEBUG [Main] [Geode]:     Enabled LoadingLayer::loadAssets hook at 0x1066bd0 for geode.loader
03:45:22 DEBUG [Main] [Geode]:   Setting up directories
03:45:22 INFO  [Main] [Geode]:   Refreshing mod graph
03:45:22 DEBUG [Main] [Geode]:     Queueing mods
03:45:22 DEBUG [Main] [Geode]:       Searching C:\Program Files (x86)\Steam\steamapps\common\Geometry Dash\geode\mods
03:45:22 DEBUG [Main] [Geode]:         Found dtothefourth.crowdcontrol.geode
03:45:22 DEBUG [Main] [Geode]:           id: dtothefourth.crowdcontrol
03:45:22 DEBUG [Main] [Geode]:           version: v1.0.0
03:45:22 DEBUG [Main] [Geode]:           early: no
03:45:22 DEBUG [Main] [Geode]:         Found geode.devtools.geode
03:45:22 DEBUG [Main] [Geode]:           id: geode.devtools
03:45:22 DEBUG [Main] [Geode]:           version: v1.5.0
03:45:22 DEBUG [Main] [Geode]:           early: no
03:45:22 DEBUG [Main] [Geode]:     Populating mod list
03:45:22 DEBUG [Main] [Geode]:       dtothefourth.crowdcontrol v1.0.0
03:45:22 DEBUG [Main] [Geode]:       geode.devtools v1.5.0
03:45:22 DEBUG [Main] [Geode]:     Building mod graph
03:45:22 DEBUG [Main] [Geode]:       geode.loader
03:45:22 DEBUG [Main] [Geode]:       geode.devtools
03:45:22 DEBUG [Main] [Geode]:         geode.loader
03:45:22 DEBUG [Main] [Geode]:       dtothefourth.crowdcontrol
03:45:22 DEBUG [Main] [Geode]:         geode.loader
03:45:22 DEBUG [Main] [Geode]:     Loading early mods
03:45:22 INFO  [Main] [Geode]:     Took 0.031s. Continuing next frame...
03:45:22 DEBUG [Main] [Geode]: Setting up IPC
03:45:22 DEBUG [Main] [Geode]:   IPC set up
03:45:22 INFO  [Main] [Geode]: Starting loader update check
03:45:22 INFO  [Main] [Geode]: Entry took 0.039s
03:45:25 INFO  [Main] [Geode]: Continuing mod graph refresh...
03:45:25 DEBUG [Main] [Geode]:   Loading mods
03:45:25 DEBUG [Main] [Geode]:     geode.devtools v1.5.0
03:45:25 ERROR [Main] [Geode]: Failed to fetch updates Empty response
03:45:25 DEBUG [Mod Unzip] [Geode]:  Unzip
03:45:25 DEBUG [Mod Unzip] [Geode]:  Same hash detected, skipping unzip
03:45:25 DEBUG [Main] [Geode]:       Load
03:45:25 DEBUG [Main] [Geode]:       Loading binary for mod geode.devtools
03:45:25 DEBUG [Main] [Geode]:       Enabled cocos2d::CCMouseDispatcher::dispatchScrollMSG hook at 0x78bb4970 for geode.devtools
03:45:25 DEBUG [Main] [Geode]:       Enabled cocos2d::CCTouchDispatcher::touches hook at 0x78bf8a10 for geode.devtools
03:45:25 DEBUG [Main] [Geode]:       Enabled cocos2d::CCIMEDispatcher::dispatchDeleteBackward hook at 0x78bf9f70 for geode.devtools
03:45:25 DEBUG [Main] [Geode]:       Enabled cocos2d::CCIMEDispatcher::dispatchInsertText hook at 0x78bf9fb0 for geode.devtools
03:45:25 DEBUG [Main] [Geode]:       Enabled cocos2d::CCNode::sortAllChildren hook at 0x78b61630 for geode.devtools
03:45:25 DEBUG [Main] [Geode]:       Enabled cocos2d::CCKeyboardDispatcher::dispatchKeyboardMSG hook at 0x78b9be70 for geode.devtools
03:45:25 DEBUG [Main] [Geode]:       Enabled AchievementNotifier::willSwitchToScene hook at 0xe0c200 for geode.devtools
03:45:25 DEBUG [Main] [Geode]:       Enabled cocos2d::CCDirector::drawScene hook at 0x78c02ae0 for geode.devtools
03:45:25 DEBUG [Main] [Geode]:       Enabled cocos2d::CCEGLView::swapBuffers hook at 0x78bc81b0 for geode.devtools
03:45:25 DEBUG [Main] [Geode]:       Enabled AppDelegate::applicationWillEnterForeground hook at 0xe4b530 for geode.devtools
03:45:25 INFO  [Main] [Geode]: Took 0.075s
03:45:25 INFO  [Main] [Geode]: Continuing mod graph refresh...
03:45:25 DEBUG [Main] [Geode]:   Loading mods
03:45:25 DEBUG [Main] [Geode]:     dtothefourth.crowdcontrol v1.0.0
03:45:25 DEBUG [Mod Unzip] [Geode]:  Unzip
03:45:25 DEBUG [Mod Unzip] [Geode]:  Hash mismatch detected, unzipping
03:45:25 DEBUG [Main] [Geode]:       Load
03:45:25 DEBUG [Main] [Geode]:       Loading binary for mod dtothefourth.crowdcontrol
03:45:25 DEBUG [Main] [Geode]:       Enabled MenuLayer::init hook at 0x106b450 for dtothefourth.crowdcontrol
03:45:25 DEBUG [Main] [Geode]:       Enabled PlayLayer::init hook at 0x10cc4a0 for dtothefourth.crowdcontrol
03:45:25 INFO  [Main] [Geode]: Took 0.101s
03:45:25 INFO  [Main] [Geode]: Continuing mod graph refresh...
03:45:25 DEBUG [Main] [Geode]:   Finding problems
03:45:25 DEBUG [Main] [Geode]:     geode.loader
03:45:25 DEBUG [Main] [Geode]:     geode.devtools
03:45:25 DEBUG [Main] [Geode]:     dtothefourth.crowdcontrol
03:45:25 INFO  [Main] [Geode]:   Took 0s
03:45:25 DEBUG [Main] [Geode]: Verifying Loader Resources
03:45:25 DEBUG [Main] [Geode]: Loading Loader Resources
03:45:25 DEBUG [Main] [Geode]: Loading mod resources
03:45:25 DEBUG [Main] [Geode]: Adding resources
03:45:25 DEBUG [Main] [Geode]:   geode.loader
03:45:25 DEBUG [Main] [Geode]:     Adding sheet geode.loader/LogoSheet
03:45:25 DEBUG [Main] [Geode]:     Adding sheet geode.loader/APISheet
03:45:25 DEBUG [Main] [Geode]:     Adding sheet geode.loader/BlankSheet
03:45:31 DEBUG [Main] [Geode]: Checking updates for index
03:45:31 DEBUG [Index Update] [Geode]: Updating local index cache
03:45:32 WARN  [Index Update] [Geode]:   settings.randomise-main-menu-bg contains unknown key "platforms"
03:45:32 WARN  [Index Update] [Geode]:   settings.force-bg contains unknown key "platforms"
03:45:32 WARN  [Index Update] [Geode]:   settings.mouse-move-on-zoom contains unknown key "platforms"
03:45:32 WARN  [Index Update] [Geode]:   settings.grid-size-controls contains unknown key "platforms"
03:45:32 WARN  [Index Update] [Geode]:   settings.show-grid-on-size-change contains unknown key "platforms"
03:45:32 WARN  [Index Update] [Geode]:   settings.soft-save-enabled contains unknown key "platforms"
03:45:32 DEBUG [Index Update] [Geode]:   Done
03:46:11 INFO  [Main] [Geode]: Saving mod data...
03:46:11 DEBUG [Main] [Geode]:   geode.loader
03:46:11 DEBUG [Main] [Geode]:     Check covered
03:46:11 DEBUG [Main] [Geode]:     Check if auto-check-updates is saved
03:46:11 DEBUG [Main] [Geode]:     Check if show-platform-console is saved
03:46:11 DEBUG [Main] [Geode]:     Check if disable-last-crashed-popup is saved
03:46:11 DEBUG [Main] [Geode]:     Check if auto-update-mods is saved
03:46:11 DEBUG [Main] [Geode]:   geode.devtools
03:46:11 DEBUG [Main] [Geode]:     Check covered
03:46:11 DEBUG [Main] [Geode]:   dtothefourth.crowdcontrol
03:46:11 DEBUG [Main] [Geode]:     Check covered
03:46:11 INFO  [Main] [Geode]:   Took 0.001s
