08:05:18 INFO  [Main] [Geode]: Running Geode v2.0.0-beta.21 in Geometry Dash v2.204
08:05:18 INFO  [Main] [Geode]: Setting up internal mod
08:05:18 INFO  [Main] [Geode]: Setting up loader
08:05:18 DEBUG [Main] [Geode]:   Loading launch arguments
08:05:18 DEBUG [Main] [Geode]:   Setting up crash handler
08:05:18 DEBUG [Main] [Geode]:   Loading hooks
08:05:18 DEBUG [Main] [Geode]:     Enabled cocos2d::CCFileUtils::fullPathForFilename hook at 0x78bc0f40 for geode.loader
08:05:18 DEBUG [Main] [Geode]:     Enabled cocos2d::CCFileUtils::sharedFileUtils hook at 0x78bc9770 for geode.loader
08:05:18 DEBUG [Main] [Geode]:     Enabled cocos2d::CCNode::getUserObject hook at 0x78c131f0 for geode.loader
08:05:18 DEBUG [Main] [Geode]:     Enabled cocos2d::CCNode::setUserObject hook at 0x78b615a0 for geode.loader
08:05:18 DEBUG [Main] [Geode]:     Enabled LoadingLayer::init hook at 0x1066370 for geode.loader
08:05:18 DEBUG [Main] [Geode]:     Enabled LoadingLayer::loadAssets hook at 0x1066bd0 for geode.loader
08:05:18 DEBUG [Main] [Geode]:     Enabled MenuLayer::init hook at 0x106b450 for geode.loader
08:05:18 DEBUG [Main] [Geode]:     Enabled ProfilePage::getUserInfoFinished hook at 0x10e1db0 for geode.loader
08:05:18 DEBUG [Main] [Geode]:     Enabled AchievementNotifier::willSwitchToScene hook at 0xe0c200 for geode.loader
08:05:18 DEBUG [Main] [Geode]:     Enabled AppDelegate::trySaveGame hook at 0xe4b790 for geode.loader
08:05:18 DEBUG [Main] [Geode]:     Enabled cocos2d::CCScheduler::update hook at 0x78c06db0 for geode.loader
08:05:18 DEBUG [Main] [Geode]:     Enabled CCTextInputNode::ccTouchBegan hook at 0xe204f0 for geode.loader
08:05:18 DEBUG [Main] [Geode]:     Enabled LoadingLayer::loadAssets hook at 0x1066bd0 for geode.loader
08:05:18 DEBUG [Main] [Geode]:   Setting up directories
08:05:18 INFO  [Main] [Geode]:   Refreshing mod graph
08:05:18 DEBUG [Main] [Geode]:     Queueing mods
08:05:18 DEBUG [Main] [Geode]:       Searching C:\Program Files (x86)\Steam\steamapps\common\Geometry Dash\geode\mods
08:05:18 DEBUG [Main] [Geode]:         Found dtothefourth.crowdcontrol.geode
08:05:18 DEBUG [Main] [Geode]:           id: dtothefourth.crowdcontrol
08:05:18 DEBUG [Main] [Geode]:           version: v1.0.0
08:05:18 DEBUG [Main] [Geode]:           early: no
08:05:18 DEBUG [Main] [Geode]:         Found geode.devtools.geode
08:05:18 DEBUG [Main] [Geode]:           id: geode.devtools
08:05:18 DEBUG [Main] [Geode]:           version: v1.5.0
08:05:18 DEBUG [Main] [Geode]:           early: no
08:05:18 DEBUG [Main] [Geode]:     Populating mod list
08:05:18 DEBUG [Main] [Geode]:       dtothefourth.crowdcontrol v1.0.0
08:05:18 DEBUG [Main] [Geode]:       geode.devtools v1.5.0
08:05:18 DEBUG [Main] [Geode]:     Building mod graph
08:05:18 DEBUG [Main] [Geode]:       geode.loader
08:05:18 DEBUG [Main] [Geode]:       geode.devtools
08:05:18 DEBUG [Main] [Geode]:         geode.loader
08:05:18 DEBUG [Main] [Geode]:       dtothefourth.crowdcontrol
08:05:18 DEBUG [Main] [Geode]:         geode.loader
08:05:18 DEBUG [Main] [Geode]:     Loading early mods
08:05:18 INFO  [Main] [Geode]:     Took 0.03s. Continuing next frame...
08:05:18 DEBUG [Main] [Geode]: Setting up IPC
08:05:18 DEBUG [Main] [Geode]:   IPC set up
08:05:18 INFO  [Main] [Geode]: Starting loader update check
08:05:18 INFO  [Main] [Geode]: Entry took 0.04s
08:05:24 INFO  [Main] [Geode]: Continuing mod graph refresh...
08:05:24 DEBUG [Main] [Geode]:   Loading mods
08:05:24 DEBUG [Main] [Geode]:     geode.devtools v1.5.0
08:05:24 ERROR [Main] [Geode]: Failed to fetch updates Empty response
08:05:24 DEBUG [Mod Unzip] [Geode]:  Unzip
08:05:24 DEBUG [Mod Unzip] [Geode]:  Same hash detected, skipping unzip
08:05:24 DEBUG [Main] [Geode]:       Load
08:05:24 DEBUG [Main] [Geode]:       Loading binary for mod geode.devtools
08:05:24 DEBUG [Main] [Geode]:       Enabled cocos2d::CCMouseDispatcher::dispatchScrollMSG hook at 0x78bb4970 for geode.devtools
08:05:24 DEBUG [Main] [Geode]:       Enabled cocos2d::CCTouchDispatcher::touches hook at 0x78bf8a10 for geode.devtools
08:05:24 DEBUG [Main] [Geode]:       Enabled cocos2d::CCIMEDispatcher::dispatchDeleteBackward hook at 0x78bf9f70 for geode.devtools
08:05:24 DEBUG [Main] [Geode]:       Enabled cocos2d::CCIMEDispatcher::dispatchInsertText hook at 0x78bf9fb0 for geode.devtools
08:05:24 DEBUG [Main] [Geode]:       Enabled cocos2d::CCNode::sortAllChildren hook at 0x78b61630 for geode.devtools
08:05:24 DEBUG [Main] [Geode]:       Enabled cocos2d::CCKeyboardDispatcher::dispatchKeyboardMSG hook at 0x78b9be70 for geode.devtools
08:05:24 DEBUG [Main] [Geode]:       Enabled AchievementNotifier::willSwitchToScene hook at 0xe0c200 for geode.devtools
08:05:24 DEBUG [Main] [Geode]:       Enabled cocos2d::CCDirector::drawScene hook at 0x78c02ae0 for geode.devtools
08:05:24 DEBUG [Main] [Geode]:       Enabled cocos2d::CCEGLView::swapBuffers hook at 0x78bc81b0 for geode.devtools
08:05:24 DEBUG [Main] [Geode]:       Enabled AppDelegate::applicationWillEnterForeground hook at 0xe4b530 for geode.devtools
08:05:24 INFO  [Main] [Geode]: Took 0.057s
08:05:24 INFO  [Main] [Geode]: Continuing mod graph refresh...
08:05:24 DEBUG [Main] [Geode]:   Loading mods
08:05:24 DEBUG [Main] [Geode]:     dtothefourth.crowdcontrol v1.0.0
08:05:24 DEBUG [Mod Unzip] [Geode]:  Unzip
08:05:24 DEBUG [Mod Unzip] [Geode]:  Hash mismatch detected, unzipping
08:05:24 DEBUG [Main] [Geode]:       Load
08:05:24 DEBUG [Main] [Geode]:       Loading binary for mod dtothefourth.crowdcontrol
08:05:24 DEBUG [Main] [Geode]:       Enabled MenuLayer::init hook at 0x106b450 for dtothefourth.crowdcontrol
08:05:24 DEBUG [Main] [Geode]:       Enabled PlayerObject::init hook at 0x10b24c0 for dtothefourth.crowdcontrol
08:05:24 DEBUG [Main] [Geode]:       Enabled PlayLayer::init hook at 0x10cc4a0 for dtothefourth.crowdcontrol
08:05:24 INFO  [Main] [Geode]: Took 0.062s
08:05:24 INFO  [Main] [Geode]: Continuing mod graph refresh...
08:05:24 DEBUG [Main] [Geode]:   Finding problems
08:05:24 DEBUG [Main] [Geode]:     geode.loader
08:05:24 DEBUG [Main] [Geode]:     geode.devtools
08:05:24 DEBUG [Main] [Geode]:     dtothefourth.crowdcontrol
08:05:24 INFO  [Main] [Geode]:   Took 0s
08:05:24 DEBUG [Main] [Geode]: Verifying Loader Resources
08:05:24 DEBUG [Main] [Geode]: Loading Loader Resources
08:05:24 DEBUG [Main] [Geode]: Loading mod resources
08:05:24 DEBUG [Main] [Geode]: Adding resources
08:05:24 DEBUG [Main] [Geode]:   geode.loader
08:05:24 DEBUG [Main] [Geode]:     Adding sheet geode.loader/LogoSheet
08:05:24 DEBUG [Main] [Geode]:     Adding sheet geode.loader/APISheet
08:05:24 DEBUG [Main] [Geode]:     Adding sheet geode.loader/BlankSheet
08:05:28 DEBUG [Main] [Geode]: Checking updates for index
08:05:28 DEBUG [Index Update] [Geode]: Updating local index cache
08:05:29 WARN  [Index Update] [Geode]:   settings.randomise-main-menu-bg contains unknown key "platforms"
08:05:29 WARN  [Index Update] [Geode]:   settings.force-bg contains unknown key "platforms"
08:05:29 WARN  [Index Update] [Geode]:   settings.mouse-move-on-zoom contains unknown key "platforms"
08:05:29 WARN  [Index Update] [Geode]:   settings.grid-size-controls contains unknown key "platforms"
08:05:29 WARN  [Index Update] [Geode]:   settings.show-grid-on-size-change contains unknown key "platforms"
08:05:29 WARN  [Index Update] [Geode]:   settings.soft-save-enabled contains unknown key "platforms"
08:05:29 DEBUG [Index Update] [Geode]:   Done
08:06:01 INFO  [Main] [Geode]: Saving mod data...
08:06:01 DEBUG [Main] [Geode]:   geode.loader
08:06:01 DEBUG [Main] [Geode]:     Check covered
08:06:01 DEBUG [Main] [Geode]:     Check if auto-check-updates is saved
08:06:01 DEBUG [Main] [Geode]:     Check if show-platform-console is saved
08:06:01 DEBUG [Main] [Geode]:     Check if disable-last-crashed-popup is saved
08:06:01 DEBUG [Main] [Geode]:     Check if auto-update-mods is saved
08:06:01 DEBUG [Main] [Geode]:   geode.devtools
08:06:01 DEBUG [Main] [Geode]:     Check covered
08:06:01 DEBUG [Main] [Geode]:   dtothefourth.crowdcontrol
08:06:01 DEBUG [Main] [Geode]:     Check covered
08:06:01 INFO  [Main] [Geode]:   Took 0.001s
