2024-03-03T11:31:16-0600
Whoopsies! An unhandled exception has occurred.
It appears that the crash occurred while executing code from the "dtothefourth.crowdcontrol" mod. Please submit this crash report to its developers (dtothefourth) for assistance.

== Geode Information ==
Loader Version: v2.0.0-beta.21
Loader Commit: 06afbb8
Bindings Commit: ff44163
Installed mods: 3
Problems: 0

== Exception Information ==
Faulty Module: C:\Program Files (x86)\Steam\steamapps\common\Geometry Dash\geode\unzipped\dtothefourth.crowdcontrol\dtothefourth.crowdcontrol.dll
Faulty Mod: dtothefourth.crowdcontrol
Exception Code: c0000005 (EXCEPTION_ACCESS_VIOLATION)
Exception Flags: 0
Exception Address: 7A747284 (dtothefourth.crowdcontrol.dll + 17284 (White + 20 | C:\Users\Natalie\Dropbox\geodash\CrowdControl\src\main.cpp:264))
Number Parameters: 2

== Stack Trace ==
 - C:\Program Files (x86)\Steam\steamapps\common\Geometry Dash\geode\unzipped\dtothefourth.crowdcontrol\dtothefourth.crowdcontrol.dll + 17284 (White + 20 | C:\Users\Natalie\Dropbox\geodash\CrowdControl\src\main.cpp:264)
 - C:\Program Files (x86)\Steam\steamapps\common\Geometry Dash\geode\unzipped\dtothefourth.crowdcontrol\dtothefourth.crowdcontrol.dll + 18dc5e (T::checkeffect + 1806 | C:\Users\Natalie\Dropbox\geodash\CrowdControl\src\main.cpp:421)
 - C:\Program Files (x86)\Steam\steamapps\common\Geometry Dash\libcocos2d.dll + 107031 (cocos2d::CCTimer::update + 97)
 - C:\Program Files (x86)\Steam\steamapps\common\Geometry Dash\libcocos2d.dll + 106ec4 (cocos2d::CCScheduler::update + 276)
 - 019D2D76
 - 0F8B10A9
 - C:\Program Files (x86)\Steam\steamapps\common\Geometry Dash\geode\unzipped\geode.devtools\geode.devtools.dll + 64db
 - 0F8B0ECB
 - C:\Program Files (x86)\Steam\steamapps\common\Geometry Dash\GeometryDash.exe + 3c12d8
 - C:\Program Files (x86)\Steam\steamapps\common\Geometry Dash\Geode.dll + 16e444 (gdMainHook + 532 | D:\a\geode\geode\loader\src\platform\windows\main.cpp:59)
 - C:\Program Files (x86)\Steam\steamapps\common\Geometry Dash\GeometryDash.exe + 3c267e
 - C:\Windows\System32\KERNEL32.DLL + 1fcc9 (BaseThreadInitThunk + 25)
 - C:\Windows\SYSTEM32\ntdll.dll + 67c5e (RtlGetAppContainerNamedObjectPath + 286)
 - C:\Windows\SYSTEM32\ntdll.dll + 67c2e (RtlGetAppContainerNamedObjectPath + 238)

== Register States ==
EAX: 00000000
EBX: 00000077
ECX: 00000108
EDX: 0198f6b1
EBP: 0198f6b4
ESP: 0198f6ac
EDI: 1d791f60
ESI: 1f7edb58
EIP: 7a747284

== Installed Mods ==
x | [v1.0.0] dtothefourth.crowdcontrol
x | [v1.5.0] geode.devtools
x | [v2.0.0-beta.21] geode.loader
